Created by PLY version 3.11 (http://www.dabeaz.com/ply)

Grammar

Rule 0     S' -> statement
Rule 1     statement -> expression
Rule 2     expression -> expression PLUS expression
Rule 3     expression -> expression MINUS expression
Rule 4     expression -> expression MULT expression
Rule 5     expression -> expression DIV expression
Rule 6     expression -> NUMBER
Rule 7     expression -> IDENTIFIER
Rule 8     expression -> IDENTIFIER EQUALS expression

Terminals, with rules where they appear

DIV                  : 5
EQUALS               : 8
IDENTIFIER           : 7 8
MINUS                : 3
MULT                 : 4
NUMBER               : 6
PLUS                 : 2
error                : 

Nonterminals, with rules where they appear

expression           : 1 2 2 3 3 4 4 5 5 8
statement            : 0

Parsing method: LALR

state 0

    (0) S' -> . statement
    (1) statement -> . expression
    (2) expression -> . expression PLUS expression
    (3) expression -> . expression MINUS expression
    (4) expression -> . expression MULT expression
    (5) expression -> . expression DIV expression
    (6) expression -> . NUMBER
    (7) expression -> . IDENTIFIER
    (8) expression -> . IDENTIFIER EQUALS expression

    NUMBER          shift and go to state 3
    IDENTIFIER      shift and go to state 4

    statement                      shift and go to state 1
    expression                     shift and go to state 2

state 1

    (0) S' -> statement .



state 2

    (1) statement -> expression .
    (2) expression -> expression . PLUS expression
    (3) expression -> expression . MINUS expression
    (4) expression -> expression . MULT expression
    (5) expression -> expression . DIV expression

    $end            reduce using rule 1 (statement -> expression .)
    PLUS            shift and go to state 5
    MINUS           shift and go to state 6
    MULT            shift and go to state 7
    DIV             shift and go to state 8


state 3

    (6) expression -> NUMBER .

    PLUS            reduce using rule 6 (expression -> NUMBER .)
    MINUS           reduce using rule 6 (expression -> NUMBER .)
    MULT            reduce using rule 6 (expression -> NUMBER .)
    DIV             reduce using rule 6 (expression -> NUMBER .)
    $end            reduce using rule 6 (expression -> NUMBER .)


state 4

    (7) expression -> IDENTIFIER .
    (8) expression -> IDENTIFIER . EQUALS expression

    PLUS            reduce using rule 7 (expression -> IDENTIFIER .)
    MINUS           reduce using rule 7 (expression -> IDENTIFIER .)
    MULT            reduce using rule 7 (expression -> IDENTIFIER .)
    DIV             reduce using rule 7 (expression -> IDENTIFIER .)
    $end            reduce using rule 7 (expression -> IDENTIFIER .)
    EQUALS          shift and go to state 9


state 5

    (2) expression -> expression PLUS . expression
    (2) expression -> . expression PLUS expression
    (3) expression -> . expression MINUS expression
    (4) expression -> . expression MULT expression
    (5) expression -> . expression DIV expression
    (6) expression -> . NUMBER
    (7) expression -> . IDENTIFIER
    (8) expression -> . IDENTIFIER EQUALS expression

    NUMBER          shift and go to state 3
    IDENTIFIER      shift and go to state 4

    expression                     shift and go to state 10

state 6

    (3) expression -> expression MINUS . expression
    (2) expression -> . expression PLUS expression
    (3) expression -> . expression MINUS expression
    (4) expression -> . expression MULT expression
    (5) expression -> . expression DIV expression
    (6) expression -> . NUMBER
    (7) expression -> . IDENTIFIER
    (8) expression -> . IDENTIFIER EQUALS expression

    NUMBER          shift and go to state 3
    IDENTIFIER      shift and go to state 4

    expression                     shift and go to state 11

state 7

    (4) expression -> expression MULT . expression
    (2) expression -> . expression PLUS expression
    (3) expression -> . expression MINUS expression
    (4) expression -> . expression MULT expression
    (5) expression -> . expression DIV expression
    (6) expression -> . NUMBER
    (7) expression -> . IDENTIFIER
    (8) expression -> . IDENTIFIER EQUALS expression

    NUMBER          shift and go to state 3
    IDENTIFIER      shift and go to state 4

    expression                     shift and go to state 12

state 8

    (5) expression -> expression DIV . expression
    (2) expression -> . expression PLUS expression
    (3) expression -> . expression MINUS expression
    (4) expression -> . expression MULT expression
    (5) expression -> . expression DIV expression
    (6) expression -> . NUMBER
    (7) expression -> . IDENTIFIER
    (8) expression -> . IDENTIFIER EQUALS expression

    NUMBER          shift and go to state 3
    IDENTIFIER      shift and go to state 4

    expression                     shift and go to state 13

state 9

    (8) expression -> IDENTIFIER EQUALS . expression
    (2) expression -> . expression PLUS expression
    (3) expression -> . expression MINUS expression
    (4) expression -> . expression MULT expression
    (5) expression -> . expression DIV expression
    (6) expression -> . NUMBER
    (7) expression -> . IDENTIFIER
    (8) expression -> . IDENTIFIER EQUALS expression

    NUMBER          shift and go to state 3
    IDENTIFIER      shift and go to state 4

    expression                     shift and go to state 14

state 10

    (2) expression -> expression PLUS expression .
    (2) expression -> expression . PLUS expression
    (3) expression -> expression . MINUS expression
    (4) expression -> expression . MULT expression
    (5) expression -> expression . DIV expression

  ! shift/reduce conflict for PLUS resolved as shift
  ! shift/reduce conflict for MINUS resolved as shift
  ! shift/reduce conflict for MULT resolved as shift
  ! shift/reduce conflict for DIV resolved as shift
    $end            reduce using rule 2 (expression -> expression PLUS expression .)
    PLUS            shift and go to state 5
    MINUS           shift and go to state 6
    MULT            shift and go to state 7
    DIV             shift and go to state 8

  ! PLUS            [ reduce using rule 2 (expression -> expression PLUS expression .) ]
  ! MINUS           [ reduce using rule 2 (expression -> expression PLUS expression .) ]
  ! MULT            [ reduce using rule 2 (expression -> expression PLUS expression .) ]
  ! DIV             [ reduce using rule 2 (expression -> expression PLUS expression .) ]


state 11

    (3) expression -> expression MINUS expression .
    (2) expression -> expression . PLUS expression
    (3) expression -> expression . MINUS expression
    (4) expression -> expression . MULT expression
    (5) expression -> expression . DIV expression

  ! shift/reduce conflict for PLUS resolved as shift
  ! shift/reduce conflict for MINUS resolved as shift
  ! shift/reduce conflict for MULT resolved as shift
  ! shift/reduce conflict for DIV resolved as shift
    $end            reduce using rule 3 (expression -> expression MINUS expression .)
    PLUS            shift and go to state 5
    MINUS           shift and go to state 6
    MULT            shift and go to state 7
    DIV             shift and go to state 8

  ! PLUS            [ reduce using rule 3 (expression -> expression MINUS expression .) ]
  ! MINUS           [ reduce using rule 3 (expression -> expression MINUS expression .) ]
  ! MULT            [ reduce using rule 3 (expression -> expression MINUS expression .) ]
  ! DIV             [ reduce using rule 3 (expression -> expression MINUS expression .) ]


state 12

    (4) expression -> expression MULT expression .
    (2) expression -> expression . PLUS expression
    (3) expression -> expression . MINUS expression
    (4) expression -> expression . MULT expression
    (5) expression -> expression . DIV expression

  ! shift/reduce conflict for PLUS resolved as shift
  ! shift/reduce conflict for MINUS resolved as shift
  ! shift/reduce conflict for MULT resolved as shift
  ! shift/reduce conflict for DIV resolved as shift
    $end            reduce using rule 4 (expression -> expression MULT expression .)
    PLUS            shift and go to state 5
    MINUS           shift and go to state 6
    MULT            shift and go to state 7
    DIV             shift and go to state 8

  ! PLUS            [ reduce using rule 4 (expression -> expression MULT expression .) ]
  ! MINUS           [ reduce using rule 4 (expression -> expression MULT expression .) ]
  ! MULT            [ reduce using rule 4 (expression -> expression MULT expression .) ]
  ! DIV             [ reduce using rule 4 (expression -> expression MULT expression .) ]


state 13

    (5) expression -> expression DIV expression .
    (2) expression -> expression . PLUS expression
    (3) expression -> expression . MINUS expression
    (4) expression -> expression . MULT expression
    (5) expression -> expression . DIV expression

  ! shift/reduce conflict for PLUS resolved as shift
  ! shift/reduce conflict for MINUS resolved as shift
  ! shift/reduce conflict for MULT resolved as shift
  ! shift/reduce conflict for DIV resolved as shift
    $end            reduce using rule 5 (expression -> expression DIV expression .)
    PLUS            shift and go to state 5
    MINUS           shift and go to state 6
    MULT            shift and go to state 7
    DIV             shift and go to state 8

  ! PLUS            [ reduce using rule 5 (expression -> expression DIV expression .) ]
  ! MINUS           [ reduce using rule 5 (expression -> expression DIV expression .) ]
  ! MULT            [ reduce using rule 5 (expression -> expression DIV expression .) ]
  ! DIV             [ reduce using rule 5 (expression -> expression DIV expression .) ]


state 14

    (8) expression -> IDENTIFIER EQUALS expression .
    (2) expression -> expression . PLUS expression
    (3) expression -> expression . MINUS expression
    (4) expression -> expression . MULT expression
    (5) expression -> expression . DIV expression

  ! shift/reduce conflict for PLUS resolved as shift
  ! shift/reduce conflict for MINUS resolved as shift
  ! shift/reduce conflict for MULT resolved as shift
  ! shift/reduce conflict for DIV resolved as shift
    $end            reduce using rule 8 (expression -> IDENTIFIER EQUALS expression .)
    PLUS            shift and go to state 5
    MINUS           shift and go to state 6
    MULT            shift and go to state 7
    DIV             shift and go to state 8

  ! PLUS            [ reduce using rule 8 (expression -> IDENTIFIER EQUALS expression .) ]
  ! MINUS           [ reduce using rule 8 (expression -> IDENTIFIER EQUALS expression .) ]
  ! MULT            [ reduce using rule 8 (expression -> IDENTIFIER EQUALS expression .) ]
  ! DIV             [ reduce using rule 8 (expression -> IDENTIFIER EQUALS expression .) ]

WARNING: 
WARNING: Conflicts:
WARNING: 
WARNING: shift/reduce conflict for PLUS in state 10 resolved as shift
WARNING: shift/reduce conflict for MINUS in state 10 resolved as shift
WARNING: shift/reduce conflict for MULT in state 10 resolved as shift
WARNING: shift/reduce conflict for DIV in state 10 resolved as shift
WARNING: shift/reduce conflict for PLUS in state 11 resolved as shift
WARNING: shift/reduce conflict for MINUS in state 11 resolved as shift
WARNING: shift/reduce conflict for MULT in state 11 resolved as shift
WARNING: shift/reduce conflict for DIV in state 11 resolved as shift
WARNING: shift/reduce conflict for PLUS in state 12 resolved as shift
WARNING: shift/reduce conflict for MINUS in state 12 resolved as shift
WARNING: shift/reduce conflict for MULT in state 12 resolved as shift
WARNING: shift/reduce conflict for DIV in state 12 resolved as shift
WARNING: shift/reduce conflict for PLUS in state 13 resolved as shift
WARNING: shift/reduce conflict for MINUS in state 13 resolved as shift
WARNING: shift/reduce conflict for MULT in state 13 resolved as shift
WARNING: shift/reduce conflict for DIV in state 13 resolved as shift
WARNING: shift/reduce conflict for PLUS in state 14 resolved as shift
WARNING: shift/reduce conflict for MINUS in state 14 resolved as shift
WARNING: shift/reduce conflict for MULT in state 14 resolved as shift
WARNING: shift/reduce conflict for DIV in state 14 resolved as shift
